Build started 15/12/2015 15:25:25.
     1>Project "C:\Users\Sergio\Documents\GitHub\CARS\3D Physics.vcxproj" on node 2 (Build target(s)).
     1>ClCompile:
         C:\Program Files (x86)\Microsoft Visual Studio 12.0\VC\bin\CL.exe /c /ZI /nologo /W3 /WX- /sdl- /Od /Oy- /D _MBCS /Gm /RTC1 /MDd /GS /fp:precise /Zc:wchar_t /Zc:forScope /Fo"Debug\\" /Fd"Debug\vc120.pdb" /Gd /TP /analyze- /errorReport:prompt ModuleSceneIntro.cpp
         ModuleSceneIntro.cpp
     1>c:\users\sergio\documents\github\cars\modulesceneintro.cpp(39): warning C4305: 'argument' : truncation from 'double' to 'float'
     1>c:\users\sergio\documents\github\cars\modulesceneintro.cpp(44): warning C4305: 'argument' : truncation from 'double' to 'float'
     1>c:\users\sergio\documents\github\cars\modulesceneintro.cpp(49): warning C4305: 'argument' : truncation from 'double' to 'float'
     1>c:\users\sergio\documents\github\cars\modulesceneintro.cpp(54): warning C4305: 'argument' : truncation from 'double' to 'float'
     1>c:\users\sergio\documents\github\cars\modulesceneintro.cpp(59): warning C4305: 'argument' : truncation from 'double' to 'float'
     1>c:\users\sergio\documents\github\cars\modulesceneintro.cpp(64): warning C4305: 'argument' : truncation from 'double' to 'float'
     1>c:\users\sergio\documents\github\cars\modulesceneintro.cpp(68): warning C4305: 'argument' : truncation from 'double' to 'float'
     1>c:\users\sergio\documents\github\cars\modulesceneintro.cpp(73): warning C4305: 'argument' : truncation from 'double' to 'float'
     1>c:\users\sergio\documents\github\cars\modulesceneintro.cpp(79): warning C4305: 'argument' : truncation from 'double' to 'float'
     1>c:\users\sergio\documents\github\cars\modulesceneintro.cpp(88): warning C4305: 'argument' : truncation from 'double' to 'float'
     1>c:\users\sergio\documents\github\cars\modulesceneintro.cpp(93): warning C4305: 'argument' : truncation from 'double' to 'float'
     1>c:\users\sergio\documents\github\cars\modulesceneintro.cpp(98): warning C4305: 'argument' : truncation from 'double' to 'float'
     1>c:\users\sergio\documents\github\cars\modulesceneintro.cpp(108): warning C4305: 'argument' : truncation from 'double' to 'float'
     1>c:\users\sergio\documents\github\cars\modulesceneintro.cpp(117): warning C4305: 'argument' : truncation from 'double' to 'float'
     1>c:\users\sergio\documents\github\cars\modulesceneintro.cpp(122): warning C4305: 'argument' : truncation from 'double' to 'float'
     1>c:\users\sergio\documents\github\cars\modulesceneintro.cpp(127): warning C4305: 'argument' : truncation from 'double' to 'float'
     1>cl : Command line warning D9028: minimal rebuild failure, reverting to normal build
       Link:
         C:\Program Files (x86)\Microsoft Visual Studio 12.0\VC\bin\link.exe /ERRORREPORT:PROMPT /OUT:"C:\Users\Sergio\Documents\GitHub\CARS\Debug\3D Physics - class6.exe" /INCREMENTAL /NOLOGO kernel32.lib user32.lib gdi32.lib winspool.lib comdlg32.lib advapi32.lib shell32.lib ole32.lib oleaut32.lib uuid.lib odbc32.lib odbccp32.lib /MANIFEST /MANIFESTUAC:"level='asInvoker' uiAccess='false'" /manifest:embed /DEBUG /PDB:"C:\Users\Sergio\Documents\GitHub\CARS\Debug\3D Physics - class6.pdb" /SUBSYSTEM:WINDOWS /TLBID:1 /DYNAMICBASE /NXCOMPAT /IMPLIB:"C:\Users\Sergio\Documents\GitHub\CARS\Debug\3D Physics - class6.lib" /MACHINE:X86 /SAFESEH:NO Debug\Application.obj
         Debug\Color.obj
         Debug\glmath.obj
         Debug\Light.obj
         Debug\log.obj
         Debug\Main.obj
         Debug\ModuleAudio.obj
         Debug\ModuleCamera3D.obj
         Debug\ModuleInput.obj
         Debug\ModulePhysics3D.obj
         Debug\ModulePlayer.obj
         Debug\ModuleRenderer3D.obj
         Debug\ModuleSceneIntro.obj
         Debug\ModuleWindow.obj
         Debug\PhysBody3D.obj
         Debug\PhysVehicle3D.obj
         Debug\Primitive.obj
         Debug\Timer.obj
         3D Physics.vcxproj -> C:\Users\Sergio\Documents\GitHub\CARS\Debug\3D Physics - class6.exe
     1>Done Building Project "C:\Users\Sergio\Documents\GitHub\CARS\3D Physics.vcxproj" (Build target(s)).

Build succeeded.

Time Elapsed 00:00:02.14
